# JRE version: Java(TM) SE Runtime Environment (8.0_291-b10) (build 1.8.0_291-b10)
# Java VM: Java HotSpot(TM) 64-Bit Server VM (25.291-b10 mixed mode windows-amd64 compressed oops)
Heap:
 PSYoungGen      total 1313792K, used 1236992K [0x000000076b200000, 0x00000007c0000000, 0x00000007c0000000)
  eden space 1236992K, 100% used [0x000000076b200000,0x00000007b6a00000,0x00000007b6a00000)
  from space 76800K, 0% used [0x00000007bb500000,0x00000007bb500000,0x00000007c0000000)
  to   space 76800K, 0% used [0x00000007b6a00000,0x00000007b6a00000,0x00000007bb500000)
 ParOldGen       total 2781184K, used 2781182K [0x00000006c1600000, 0x000000076b200000, 0x000000076b200000)
  object space 2781184K, 99% used [0x00000006c1600000,0x000000076b1ff990,0x000000076b200000)
 Metaspace       used 85675K, capacity 90864K, committed 91008K, reserved 1128448K
  class space    used 10862K, capacity 11853K, committed 11904K, reserved 1048576K
GC Heap History (10 events):
Event: 404.645 GC heap after
Heap after GC invocations=606 (full 16):
 PSYoungGen      total 1313792K, used 71711K [0x000000076b200000, 0x00000007c0000000, 0x00000007c0000000)
  eden space 1236992K, 5% used [0x000000076b200000,0x000000076f807fb8,0x00000007b6a00000)
  from space 76800K, 0% used [0x00000007bb500000,0x00000007bb500000,0x00000007c0000000)
  to   space 76800K, 0% used [0x00000007b6a00000,0x00000007b6a00000,0x00000007bb500000)
 ParOldGen       total 2781184K, used 2781182K [0x00000006c1600000, 0x000000076b200000, 0x000000076b200000)
  object space 2781184K, 99% used [0x00000006c1600000,0x000000076b1ff9b0,0x000000076b200000)
 Metaspace       used 85675K, capacity 90864K, committed 91008K, reserved 1128448K
  class space    used 10862K, capacity 11853K, committed 11904K, reserved 1048576K
}
Event: 405.133 GC heap before
{Heap before GC invocations=607 (full 17):
 PSYoungGen      total 1313792K, used 1236992K [0x000000076b200000, 0x00000007c0000000, 0x00000007c0000000)
  eden space 1236992K, 100% used [0x000000076b200000,0x00000007b6a00000,0x00000007b6a00000)
  from space 76800K, 0% used [0x00000007bb500000,0x00000007bb500000,0x00000007c0000000)
  to   space 76800K, 0% used [0x00000007b6a00000,0x00000007b6a00000,0x00000007bb500000)
 ParOldGen       total 2781184K, used 2781182K [0x00000006c1600000, 0x000000076b200000, 0x000000076b200000)
  object space 2781184K, 99% used [0x00000006c1600000,0x000000076b1ff9b0,0x000000076b200000)
 Metaspace       used 85675K, capacity 90864K, committed 91008K, reserved 1128448K
  class space    used 10862K, capacity 11853K, committed 11904K, reserved 1048576K
Event: 405.953 GC heap after
Heap after GC invocations=607 (full 17):
 PSYoungGen      total 1313792K, used 76308K [0x000000076b200000, 0x00000007c0000000, 0x00000007c0000000)
  eden space 1236992K, 6% used [0x000000076b200000,0x000000076fc85040,0x00000007b6a00000)
  from space 76800K, 0% used [0x00000007bb500000,0x00000007bb500000,0x00000007c0000000)
  to   space 76800K, 0% used [0x00000007b6a00000,0x00000007b6a00000,0x00000007bb500000)
 ParOldGen       total 2781184K, used 2781182K [0x00000006c1600000, 0x000000076b200000, 0x000000076b200000)
  object space 2781184K, 99% used [0x00000006c1600000,0x000000076b1ff9b0,0x000000076b200000)
 Metaspace       used 85675K, capacity 90864K, committed 91008K, reserved 1128448K
  class space    used 10862K, capacity 11853K, committed 11904K, reserved 1048576K
}
Event: 406.437 GC heap before
{Heap before GC invocations=608 (full 18):
 PSYoungGen      total 1313792K, used 1236992K [0x000000076b200000, 0x00000007c0000000, 0x00000007c0000000)
  eden space 1236992K, 100% used [0x000000076b200000,0x00000007b6a00000,0x00000007b6a00000)
  from space 76800K, 0% used [0x00000007bb500000,0x00000007bb500000,0x00000007c0000000)
  to   space 76800K, 0% used [0x00000007b6a00000,0x00000007b6a00000,0x00000007bb500000)
 ParOldGen       total 2781184K, used 2781182K [0x00000006c1600000, 0x000000076b200000, 0x000000076b200000)
  object space 2781184K, 99% used [0x00000006c1600000,0x000000076b1ff9b0,0x000000076b200000)
 Metaspace       used 85675K, capacity 90864K, committed 91008K, reserved 1128448K
  class space    used 10862K, capacity 11853K, committed 11904K, reserved 1048576K
Event: 407.237 GC heap after
Heap after GC invocations=608 (full 18):
 PSYoungGen      total 1313792K, used 80886K [0x000000076b200000, 0x00000007c0000000, 0x00000007c0000000)
  eden space 1236992K, 6% used [0x000000076b200000,0x00000007700fd960,0x00000007b6a00000)
  from space 76800K, 0% used [0x00000007bb500000,0x00000007bb500000,0x00000007c0000000)
  to   space 76800K, 0% used [0x00000007b6a00000,0x00000007b6a00000,0x00000007bb500000)
 ParOldGen       total 2781184K, used 2781182K [0x00000006c1600000, 0x000000076b200000, 0x000000076b200000)
  object space 2781184K, 99% used [0x00000006c1600000,0x000000076b1ff9b0,0x000000076b200000)
 Metaspace       used 85675K, capacity 90864K, committed 91008K, reserved 1128448K
  class space    used 10862K, capacity 11853K, committed 11904K, reserved 1048576K
}
Event: 407.718 GC heap before
{Heap before GC invocations=609 (full 19):
 PSYoungGen      total 1313792K, used 1236992K [0x000000076b200000, 0x00000007c0000000, 0x00000007c0000000)
  eden space 1236992K, 100% used [0x000000076b200000,0x00000007b6a00000,0x00000007b6a00000)
  from space 76800K, 0% used [0x00000007bb500000,0x00000007bb500000,0x00000007c0000000)
  to   space 76800K, 0% used [0x00000007b6a00000,0x00000007b6a00000,0x00000007bb500000)
 ParOldGen       total 2781184K, used 2781182K [0x00000006c1600000, 0x000000076b200000, 0x000000076b200000)
  object space 2781184K, 99% used [0x00000006c1600000,0x000000076b1ff9b0,0x000000076b200000)
 Metaspace       used 85675K, capacity 90864K, committed 91008K, reserved 1128448K
  class space    used 10862K, capacity 11853K, committed 11904K, reserved 1048576K
Event: 408.536 GC heap after
Heap after GC invocations=609 (full 19):
 PSYoungGen      total 1313792K, used 85446K [0x000000076b200000, 0x00000007c0000000, 0x00000007c0000000)
  eden space 1236992K, 6% used [0x000000076b200000,0x0000000770571ab0,0x00000007b6a00000)
  from space 76800K, 0% used [0x00000007bb500000,0x00000007bb500000,0x00000007c0000000)
  to   space 76800K, 0% used [0x00000007b6a00000,0x00000007b6a00000,0x00000007bb500000)
 ParOldGen       total 2781184K, used 2781182K [0x00000006c1600000, 0x000000076b200000, 0x000000076b200000)
  object space 2781184K, 99% used [0x00000006c1600000,0x000000076b1ff990,0x000000076b200000)
 Metaspace       used 85675K, capacity 90864K, committed 91008K, reserved 1128448K
  class space    used 10862K, capacity 11853K, committed 11904K, reserved 1048576K
}
Event: 409.038 GC heap before
{Heap before GC invocations=610 (full 20):
 PSYoungGen      total 1313792K, used 1236992K [0x000000076b200000, 0x00000007c0000000, 0x00000007c0000000)
  eden space 1236992K, 100% used [0x000000076b200000,0x00000007b6a00000,0x00000007b6a00000)
  from space 76800K, 0% used [0x00000007bb500000,0x00000007bb500000,0x00000007c0000000)
  to   space 76800K, 0% used [0x00000007b6a00000,0x00000007b6a00000,0x00000007bb500000)
 ParOldGen       total 2781184K, used 2781182K [0x00000006c1600000, 0x000000076b200000, 0x000000076b200000)
  object space 2781184K, 99% used [0x00000006c1600000,0x000000076b1ff990,0x000000076b200000)
 Metaspace       used 85675K, capacity 90864K, committed 91008K, reserved 1128448K
  class space    used 10862K, capacity 11853K, committed 11904K, reserved 1048576K
Event: 409.895 GC heap after
Heap after GC invocations=610 (full 20):
 PSYoungGen      total 1313792K, used 89989K [0x000000076b200000, 0x00000007c0000000, 0x00000007c0000000)
  eden space 1236992K, 7% used [0x000000076b200000,0x00000007709e1470,0x00000007b6a00000)
  from space 76800K, 0% used [0x00000007bb500000,0x00000007bb500000,0x00000007c0000000)
  to   space 76800K, 0% used [0x00000007b6a00000,0x00000007b6a00000,0x00000007bb500000)
 ParOldGen       total 2781184K, used 2781182K [0x00000006c1600000, 0x000000076b200000, 0x000000076b200000)
  object space 2781184K, 99% used [0x00000006c1600000,0x000000076b1ff990,0x000000076b200000)
 Metaspace       used 85675K, capacity 90864K, committed 91008K, reserved 1128448K
  class space    used 10862K, capacity 11853K, committed 11904K, reserved 1048576K
}
Event: 410.397 GC heap before
{Heap before GC invocations=611 (full 21):
 PSYoungGen      total 1313792K, used 1236992K [0x000000076b200000, 0x00000007c0000000, 0x00000007c0000000)
  eden space 1236992K, 100% used [0x000000076b200000,0x00000007b6a00000,0x00000007b6a00000)
  from space 76800K, 0% used [0x00000007bb500000,0x00000007bb500000,0x00000007c0000000)
  to   space 76800K, 0% used [0x00000007b6a00000,0x00000007b6a00000,0x00000007bb500000)
 ParOldGen       total 2781184K, used 2781182K [0x00000006c1600000, 0x000000076b200000, 0x000000076b200000)
  object space 2781184K, 99% used [0x00000006c1600000,0x000000076b1ff990,0x000000076b200000)
 Metaspace       used 85675K, capacity 90864K, committed 91008K, reserved 1128448K
  class space    used 10862K, capacity 11853K, committed 11904K, reserved 1048576K

